<?xml version="1.0" encoding="UTF-8"?>
<testsuite name="ru.netology.netology.PostmanEchoTest" tests="1" skipped="0" failures="0" errors="0" timestamp="2021-05-15T10:09:18" hostname="VYAKOVLEVA-NB" time="3.656">
  <properties/>
  <testcase name="shouldTestPost()" classname="ru.netology.netology.PostmanEchoTest" time="3.656"/>
  <system-out><![CDATA[]]></system-out>
  <system-err><![CDATA[]]></system-err>
</testsuite>
